<?xml version="1.0" encoding="UTF-8"?>
<!-- Generated by org.testng.reporters.JUnitReportReporter -->
<testsuite hostname="Afias-MacBook-Pro.local" failures="0" tests="2" name="home.SearchTest" time="17.322" errors="0" timestamp="03 Oct 2018 06:50:56 GMT" skipped="0">
  <testcase classname="home.SearchTest" name="testSearchWithButton" time="8.819"/>
  <testcase classname="home.SearchTest" name="testSearchWithoutButton" time="8.503"/>
</testsuite> <!-- home.SearchTest -->
